<?xml version="1.0" encoding="UTF-8"?>
<testng-results skipped="0" failed="0" total="3" passed="3">
  <reporter-output>
  </reporter-output>
  <suite name="LMSDemoSuite" duration-ms="19995" started-at="2015-08-19T08:38:13Z" finished-at="2015-08-19T08:38:33Z">
    <groups>
      <group name="windows.regression">
        <method signature="LMSTest.updateCourse()[pri:0, instance:[LMSTest passed=0 failed=0 skipped=0]]" name="updateCourse" class="lmsdemo.LMSTest"/>
      </group> <!-- windows.regression -->
      <group name="linux.regression">
        <method signature="LMSTest.deleteCourse()[pri:0, instance:[LMSTest passed=0 failed=0 skipped=0]]" name="deleteCourse" class="lmsdemo.LMSTest"/>
      </group> <!-- linux.regression -->
      <group name="smoke">
        <method signature="LMSTest.addCourse()[pri:0, instance:[LMSTest passed=0 failed=0 skipped=0]]" name="addCourse" class="lmsdemo.LMSTest"/>
      </group> <!-- smoke -->
    </groups>
    <test name="LMS" duration-ms="19995" started-at="2015-08-19T08:38:13Z" finished-at="2015-08-19T08:38:33Z">
      <class name="lmsdemo.LMSTest">
        <test-method status="PASS" signature="setUp()[pri:0, instance:[LMSTest passed=0 failed=0 skipped=0]]" name="setUp" is-config="true" duration-ms="11383" started-at="2015-08-19T14:08:13Z" finished-at="2015-08-19T14:08:24Z">
          <reporter-output>
          </reporter-output>
        </test-method> <!-- setUp -->
        <test-method status="PASS" signature="addCourse()[pri:0, instance:[LMSTest passed=0 failed=0 skipped=0]]" name="addCourse" duration-ms="2151" started-at="2015-08-19T14:08:24Z" finished-at="2015-08-19T14:08:27Z">
          <reporter-output>
          </reporter-output>
        </test-method> <!-- addCourse -->
        <test-method status="PASS" signature="deleteCourse()[pri:0, instance:[LMSTest passed=0 failed=0 skipped=0]]" name="deleteCourse" duration-ms="2002" started-at="2015-08-19T14:08:27Z" finished-at="2015-08-19T14:08:29Z">
          <reporter-output>
          </reporter-output>
        </test-method> <!-- deleteCourse -->
        <test-method status="PASS" signature="updateCourse()[pri:0, instance:[LMSTest passed=0 failed=0 skipped=0]]" name="updateCourse" duration-ms="2003" started-at="2015-08-19T14:08:29Z" finished-at="2015-08-19T14:08:31Z">
          <reporter-output>
          </reporter-output>
        </test-method> <!-- updateCourse -->
        <test-method status="PASS" signature="tearDown()[pri:0, instance:[LMSTest passed=0 failed=0 skipped=0]]" name="tearDown" is-config="true" duration-ms="2445" started-at="2015-08-19T14:08:31Z" finished-at="2015-08-19T14:08:33Z">
          <reporter-output>
          </reporter-output>
        </test-method> <!-- tearDown -->
      </class> <!-- lmsdemo.LMSTest -->
    </test> <!-- LMS -->
  </suite> <!-- LMSDemoSuite -->
</testng-results>
