<?xml version="1.0" encoding="UTF-8"?>
<!-- Generated by org.testng.reporters.JUnitXMLReporter -->
<testsuite hostname="D01TMC014" name="LMS" tests="3" failures="0" timestamp="19 Aug 2015 08:38:33 GMT" time="19.995" errors="0">
  <testcase name="addCourse on [LMSTest passed=0 failed=0 skipped=0]" time="2.151" classname="lmsdemo.LMSTest"/>
  <testcase name="deleteCourse on [LMSTest passed=0 failed=0 skipped=0]" time="2.002" classname="lmsdemo.LMSTest"/>
  <testcase name="updateCourse on [LMSTest passed=0 failed=0 skipped=0]" time="2.003" classname="lmsdemo.LMSTest"/>
</testsuite> <!-- LMS -->
